[12:17:21] [Client thread/INFO]: Setting user: _zTerrarxd_
[12:17:23] [Client thread/ERROR]: Couldn't find .mcassetsroot
[12:17:23] [Client thread/ERROR]: Errors with built-in recipes!
[12:17:24] [Client thread/INFO]: [OptiFine] *** Reflector Forge ***
[12:17:24] [Client thread/INFO]: [OptiFine] (Reflector) Method not present: net.minecraft.world.biome.Biome.getWaterColorMultiplier
[12:17:24] [Client thread/INFO]: [OptiFine] (Reflector) Method not present: net.minecraft.block.Block.addDestroyEffects
[12:17:24] [Client thread/INFO]: [OptiFine] (Reflector) Method not present: net.minecraft.block.Block.addHitEffects
[12:17:24] [Client thread/INFO]: [OptiFine] (Reflector) Method not present: net.minecraft.block.Block.canCreatureSpawn
[12:17:24] [Client thread/INFO]: [OptiFine] (Reflector) Method not present: net.minecraft.block.Block.canRenderInLayer
[12:17:24] [Client thread/INFO]: [OptiFine] (Reflector) Method not present: net.minecraft.block.Block.doesSideBlockRendering
[12:17:24] [Client thread/INFO]: [OptiFine] (Reflector) Method not present: net.minecraft.block.Block.getBedDirection
[12:17:24] [Client thread/INFO]: [OptiFine] (Reflector) Method not present: net.minecraft.block.Block.getExtendedState
[12:17:24] [Client thread/INFO]: [OptiFine] (Reflector) Method not present: net.minecraft.block.Block.getFogColor
[12:17:24] [Client thread/INFO]: [OptiFine] (Reflector) Method not present: net.minecraft.block.Block.getLightOpacity
[12:17:24] [Client thread/INFO]: [OptiFine] (Reflector) Method not present: net.minecraft.block.Block.getLightValue
[12:17:24] [Client thread/INFO]: [OptiFine] (Reflector) Method not present: net.minecraft.block.Block.getSoundType
[12:17:24] [Client thread/INFO]: [OptiFine] (Reflector) Method not present: net.minecraft.block.Block.hasTileEntity
[12:17:24] [Client thread/INFO]: [OptiFine] (Reflector) Method not present: net.minecraft.block.Block.isAir
[12:17:24] [Client thread/INFO]: [OptiFine] (Reflector) Method not present: net.minecraft.block.Block.isBed
[12:17:24] [Client thread/INFO]: [OptiFine] (Reflector) Method not present: net.minecraft.block.Block.isBedFoot
[12:17:24] [Client thread/INFO]: [OptiFine] (Reflector) Method not present: net.minecraft.block.Block.isSideSolid
[12:17:24] [Client thread/INFO]: [OptiFine] (Reflector) Method not present: net.minecraft.block.state.IBlockProperties.getLightValue
[12:17:24] [Client thread/INFO]: [OptiFine] (Reflector) Method not present: net.minecraft.world.ChunkCache.isSideSolid
[12:17:24] [Client thread/INFO]: [OptiFine] (Reflector) Method not present: net.minecraft.entity.Entity.canRiderInteract
[12:17:24] [Client thread/INFO]: [OptiFine] (Reflector) Field not present: net.minecraft.entity.Entity.captureDrops
[12:17:24] [Client thread/INFO]: [OptiFine] (Reflector) Field not present: net.minecraft.entity.Entity.capturedDrops
[12:17:24] [Client thread/INFO]: [OptiFine] (Reflector) Method not present: net.minecraft.entity.Entity.shouldRenderInPass
[12:17:24] [Client thread/INFO]: [OptiFine] (Reflector) Method not present: net.minecraft.entity.Entity.shouldRiderSit
[12:17:24] [Client thread/INFO]: [OptiFine] (Reflector) Field not present: net.minecraft.item.Item.delegate
[12:17:24] [Client thread/INFO]: [OptiFine] (Reflector) Method not present: net.minecraft.item.Item.getDurabilityForDisplay
[12:17:24] [Client thread/INFO]: [OptiFine] (Reflector) Method not present: net.minecraft.item.Item.getRGBDurabilityForDisplay
[12:17:24] [Client thread/INFO]: [OptiFine] (Reflector) Method not present: net.minecraft.item.Item.isShield
[12:17:24] [Client thread/INFO]: [OptiFine] (Reflector) Method not present: net.minecraft.item.Item.onEntitySwing
[12:17:24] [Client thread/INFO]: [OptiFine] (Reflector) Method not present: net.minecraft.item.Item.shouldCauseReequipAnimation
[12:17:24] [Client thread/INFO]: [OptiFine] (Reflector) Method not present: net.minecraft.item.Item.showDurabilityBar
[12:17:24] [Client thread/INFO]: [OptiFine] (Reflector) Method not present: net.minecraft.client.renderer.block.model.ItemOverrideList.handleItemState
[12:17:24] [Client thread/INFO]: [OptiFine] (Reflector) Method not present: net.minecraft.item.ItemArmor.hasOverlay
[12:17:24] [Client thread/INFO]: [OptiFine] (Reflector) Method not present: net.minecraft.client.settings.KeyBinding.setKeyConflictContext
[12:17:24] [Client thread/INFO]: [OptiFine] (Reflector) Method not present: net.minecraft.client.settings.KeyBinding.setKeyModifierAndCode
[12:17:24] [Client thread/INFO]: [OptiFine] (Reflector) Method not present: net.minecraft.client.settings.KeyBinding.getKeyModifier
[12:17:24] [Client thread/INFO]: [OptiFine] (Reflector) Method not present: net.minecraft.client.renderer.block.model.ModelBlockDefinition.parseFromReader
[12:17:24] [Client thread/INFO]: [OptiFine] (Reflector) Method not present: net.minecraft.potion.Potion.shouldRenderHUD
[12:17:24] [Client thread/INFO]: [OptiFine] (Reflector) Method not present: net.minecraft.potion.Potion.renderHUDEffect
[12:17:24] [Client thread/INFO]: [OptiFine] (Reflector) Method not present: net.minecraft.potion.PotionEffect.isCurativeItem
[12:17:24] [Client thread/INFO]: [OptiFine] (Reflector) Method not present: net.minecraft.tileentity.TileEntity.canRenderBreaking
[12:17:24] [Client thread/INFO]: [OptiFine] (Reflector) Method not present: net.minecraft.tileentity.TileEntity.getRenderBoundingBox
[12:17:24] [Client thread/INFO]: [OptiFine] (Reflector) Method not present: net.minecraft.tileentity.TileEntity.hasFastRenderer
[12:17:24] [Client thread/INFO]: [OptiFine] (Reflector) Method not present: net.minecraft.tileentity.TileEntity.shouldRenderInPass
[12:17:24] [Client thread/INFO]: [OptiFine] (Reflector) Method not present: net.minecraft.client.renderer.vertex.VertexFormatElement$EnumUsage.preDraw
[12:17:24] [Client thread/INFO]: [OptiFine] (Reflector) Method not present: net.minecraft.client.renderer.vertex.VertexFormatElement$EnumUsage.postDraw
[12:17:24] [Client thread/INFO]: [OptiFine] (Reflector) Method not present: net.minecraft.world.World.countEntities
[12:17:24] [Client thread/INFO]: [OptiFine] (Reflector) Method not present: net.minecraft.world.World.getPerWorldStorage
[12:17:24] [Client thread/INFO]: [OptiFine] (Reflector) Method not present: net.minecraft.world.World.initCapabilities
[12:17:24] [Client thread/INFO]: [OptiFine] (Reflector) Method not present: net.minecraft.world.WorldProvider.getCloudRenderer
[12:17:24] [Client thread/INFO]: [OptiFine] (Reflector) Method not present: net.minecraft.world.WorldProvider.getSkyRenderer
[12:17:24] [Client thread/INFO]: [OptiFine] (Reflector) Method not present: net.minecraft.world.WorldProvider.getWeatherRenderer
[12:17:24] [Client thread/INFO]: [OptiFine] (Reflector) Method not present: net.minecraft.world.WorldProvider.getLightmapColors
[12:17:24] [Client thread/INFO]: [OptiFine] *** Reflector Vanilla ***
[12:17:24] [Client thread/WARN]: Skipping bad option: lastServer:
[12:17:24] [Client thread/INFO]: LWJGL Version: 2.9.4
[12:17:25] [Client thread/INFO]: [OptiFine] 
[12:17:25] [Client thread/INFO]: [OptiFine] OptiFine_1.12.2_HD_U_C6
[12:17:25] [Client thread/INFO]: [OptiFine] Build: null
[12:17:25] [Client thread/INFO]: [OptiFine] OS: Windows 11 (amd64) version 10.0
[12:17:25] [Client thread/INFO]: [OptiFine] Java: 17.0.3.1, Oracle Corporation
[12:17:25] [Client thread/INFO]: [OptiFine] VM: Java HotSpot(TM) 64-Bit Server VM (mixed mode, sharing), Oracle Corporation
[12:17:25] [Client thread/INFO]: [OptiFine] LWJGL: 2.9.4
[12:17:25] [Client thread/INFO]: [OptiFine] OpenGL: AMD Radeon(TM) Vega 8 Graphics , version 4.6.13559 Compatibility Profile Context 26.20.12036.4002, ATI Technologies Inc.
[12:17:25] [Client thread/INFO]: [OptiFine] OpenGL Version: 4.6.13559
[12:17:25] [Client thread/INFO]: [OptiFine] OpenGL Fancy fog: Not available (GL_NV_fog_distance)
[12:17:25] [Client thread/INFO]: [OptiFine] Maximum texture size: 16384x16384
[12:17:25] [Thread-2/INFO]: [OptiFine] Checking for new version
[12:17:25] [Client thread/INFO]: [Shaders] ShadersMod version: 2.4.12
[12:17:25] [Client thread/INFO]: [Shaders] OpenGL Version: 4.6.13559 Compatibility Profile Context 26.20.12036.4002
[12:17:25] [Client thread/INFO]: [Shaders] Vendor:  ATI Technologies Inc.
[12:17:25] [Client thread/INFO]: [Shaders] Renderer: AMD Radeon(TM) Vega 8 Graphics 
[12:17:25] [Client thread/INFO]: [Shaders] Capabilities:  2.0  2.1  3.0  3.2  4.0 
[12:17:25] [Client thread/INFO]: [Shaders] GL_MAX_DRAW_BUFFERS: 8
[12:17:25] [Client thread/INFO]: [Shaders] GL_MAX_COLOR_ATTACHMENTS_EXT: 8
[12:17:25] [Client thread/INFO]: [Shaders] GL_MAX_TEXTURE_IMAGE_UNITS: 32
[12:17:25] [Client thread/INFO]: [Shaders] Load ShadersMod configuration.
[12:17:25] [Client thread/INFO]: [Shaders] Save ShadersMod configuration.
[12:17:25] [Client thread/INFO]: [Shaders] No shaderpack loaded.
[12:17:25] [Client thread/INFO]: Reloading ResourceManager: Default
[12:17:25] [Client thread/INFO]: [OptiFine] *** Reloading textures ***
[12:17:25] [Client thread/INFO]: [OptiFine] Resource packs: Default
[12:17:25] [Thread-2/INFO]: [OptiFine] Version found: G5
[12:17:27] [Sound Library Loader/INFO]: Starting up SoundSystem...
[12:17:28] [Thread-3/INFO]: Initializing LWJGL OpenAL
[12:17:28] [Thread-3/INFO]: (The LWJGL binding of OpenAL.  For more information, see http://www.lwjgl.org)
[12:17:28] [Thread-3/INFO]: OpenAL initialized.
[12:17:28] [Sound Library Loader/INFO]: Sound engine started
[12:17:34] [Client thread/INFO]: [OptiFine] Mipmap levels: 4
[12:17:34] [Client thread/INFO]: [OptiFine] Multitexture: false
[12:17:34] [Client thread/INFO]: [OptiFine] ConnectedTextures: mcpatcher/ctm/default/0_glass_white/glass_pane_white.properties
[12:17:34] [Client thread/INFO]: [OptiFine] ConnectedTextures: mcpatcher/ctm/default/0_glass_white/glass_white.properties
[12:17:35] [Client thread/INFO]: [OptiFine] ConnectedTextures: mcpatcher/ctm/default/10_glass_purple/glass_pane_purple.properties
[12:17:35] [Client thread/INFO]: [OptiFine] ConnectedTextures: mcpatcher/ctm/default/10_glass_purple/glass_purple.properties
[12:17:35] [Client thread/INFO]: [OptiFine] ConnectedTextures: mcpatcher/ctm/default/11_glass_blue/glass_blue.properties
[12:17:35] [Client thread/INFO]: [OptiFine] ConnectedTextures: mcpatcher/ctm/default/11_glass_blue/glass_pane_blue.properties
[12:17:35] [Client thread/INFO]: [OptiFine] ConnectedTextures: mcpatcher/ctm/default/12_glass_brown/glass_brown.properties
[12:17:35] [Client thread/INFO]: [OptiFine] ConnectedTextures: mcpatcher/ctm/default/12_glass_brown/glass_pane_brown.properties
[12:17:35] [Client thread/INFO]: [OptiFine] ConnectedTextures: mcpatcher/ctm/default/13_glass_green/glass_green.properties
[12:17:35] [Client thread/INFO]: [OptiFine] ConnectedTextures: mcpatcher/ctm/default/13_glass_green/glass_pane_green.properties
[12:17:35] [Client thread/INFO]: [OptiFine] ConnectedTextures: mcpatcher/ctm/default/14_glass_red/glass_pane_red.properties
[12:17:35] [Client thread/INFO]: [OptiFine] ConnectedTextures: mcpatcher/ctm/default/14_glass_red/glass_red.properties
[12:17:35] [Client thread/INFO]: [OptiFine] ConnectedTextures: mcpatcher/ctm/default/15_glass_black/glass_black.properties
[12:17:35] [Client thread/INFO]: [OptiFine] ConnectedTextures: mcpatcher/ctm/default/15_glass_black/glass_pane_black.properties
[12:17:35] [Client thread/INFO]: [OptiFine] ConnectedTextures: mcpatcher/ctm/default/1_glass_orange/glass_orange.properties
[12:17:35] [Client thread/INFO]: [OptiFine] ConnectedTextures: mcpatcher/ctm/default/1_glass_orange/glass_pane_orange.properties
[12:17:35] [Client thread/INFO]: [OptiFine] ConnectedTextures: mcpatcher/ctm/default/2_glass_magenta/glass_magenta.properties
[12:17:35] [Client thread/INFO]: [OptiFine] ConnectedTextures: mcpatcher/ctm/default/2_glass_magenta/glass_pane_magenta.properties
[12:17:35] [Client thread/INFO]: [OptiFine] ConnectedTextures: mcpatcher/ctm/default/3_glass_light_blue/glass_light_blue.properties
[12:17:35] [Client thread/INFO]: [OptiFine] ConnectedTextures: mcpatcher/ctm/default/3_glass_light_blue/glass_pane_light_blue.properties
[12:17:35] [Client thread/INFO]: [OptiFine] ConnectedTextures: mcpatcher/ctm/default/4_glass_yellow/glass_pane_yellow.properties
[12:17:35] [Client thread/INFO]: [OptiFine] ConnectedTextures: mcpatcher/ctm/default/4_glass_yellow/glass_yellow.properties
[12:17:35] [Client thread/INFO]: [OptiFine] ConnectedTextures: mcpatcher/ctm/default/5_glass_lime/glass_lime.properties
[12:17:35] [Client thread/INFO]: [OptiFine] ConnectedTextures: mcpatcher/ctm/default/5_glass_lime/glass_pane_lime.properties
[12:17:35] [Client thread/INFO]: [OptiFine] ConnectedTextures: mcpatcher/ctm/default/6_glass_pink/glass_pane_pink.properties
[12:17:35] [Client thread/INFO]: [OptiFine] ConnectedTextures: mcpatcher/ctm/default/6_glass_pink/glass_pink.properties
[12:17:35] [Client thread/INFO]: [OptiFine] ConnectedTextures: mcpatcher/ctm/default/7_glass_gray/glass_gray.properties
[12:17:35] [Client thread/INFO]: [OptiFine] ConnectedTextures: mcpatcher/ctm/default/7_glass_gray/glass_pane_gray.properties
[12:17:35] [Client thread/INFO]: [OptiFine] ConnectedTextures: mcpatcher/ctm/default/8_glass_silver/glass_pane_silver.properties
[12:17:35] [Client thread/INFO]: [OptiFine] ConnectedTextures: mcpatcher/ctm/default/8_glass_silver/glass_silver.properties
[12:17:35] [Client thread/INFO]: [OptiFine] ConnectedTextures: mcpatcher/ctm/default/9_glass_cyan/glass_cyan.properties
[12:17:35] [Client thread/INFO]: [OptiFine] ConnectedTextures: mcpatcher/ctm/default/9_glass_cyan/glass_pane_cyan.properties
[12:17:35] [Client thread/INFO]: [OptiFine] ConnectedTextures: mcpatcher/ctm/default/bookshelf.properties
[12:17:35] [Client thread/INFO]: [OptiFine] ConnectedTextures: mcpatcher/ctm/default/glass.properties
[12:17:36] [Client thread/INFO]: [OptiFine] ConnectedTextures: mcpatcher/ctm/default/glasspane.properties
[12:17:36] [Client thread/INFO]: [OptiFine] ConnectedTextures: mcpatcher/ctm/default/sandstone.properties
[12:17:36] [Client thread/INFO]: [OptiFine] Multipass connected textures: false
[12:17:36] [Client thread/INFO]: [OptiFine] BetterGrass: Parsing default configuration optifine/bettergrass.properties
[12:17:43] [Client thread/INFO]: Created: 1024x512 textures-atlas
[12:17:44] [Client thread/INFO]: Narrator library for x64 successfully loaded
[12:17:46] [Client thread/INFO]: [OptiFine] *** Reloading custom textures ***
[12:17:47] [Realms Notification Availability checker #1/INFO]: Could not authorize you against Realms server: Invalid session id
[12:17:50] [Server thread/INFO]: Starting integrated minecraft server version 1.12.2
[12:17:50] [Server thread/INFO]: Generating keypair
[12:17:50] [Server thread/ERROR]: Couldn't find .mcassetsroot
[12:17:50] [Server thread/INFO]: Loaded 0 advancements
[12:17:50] [Server thread/INFO]: Preparing start region for level 0
[12:17:51] [Server thread/INFO]: Preparing spawn area: 32%
[12:17:52] [Server thread/INFO]: Changing view distance to 8, from 10
[12:17:53] [Server thread/INFO]: _zTerrarxd_[local:E:ac3e1265] logged in with entity id 1400 at (-31.5, 66.0, 96.5)
[12:17:53] [Server thread/INFO]: _zTerrarxd_ joined the game
[12:17:53] [Client thread/INFO]: [CHAT] A new §eOptiFine§f version is available: §eHD Ultra G5§f
[12:17:54] [Server thread/INFO]: Saving and pausing game...
[12:17:54] [Server thread/INFO]: Saving chunks for level 'New World'/overworld
[12:17:54] [Server thread/INFO]: Saving chunks for level 'New World'/the_nether
[12:17:54] [Server thread/INFO]: Saving chunks for level 'New World'/the_end
[12:17:54] [Server thread/INFO]: Stopping server
[12:17:54] [Server thread/INFO]: Saving players
[12:17:54] [Server thread/INFO]: _zTerrarxd_ lost connection: Server closed
[12:17:54] [Server thread/INFO]: _zTerrarxd_ left the game
[12:17:54] [Server thread/INFO]: Stopping singleplayer server as player logged out
[12:17:54] [Server thread/INFO]: Saving worlds
[12:17:54] [Server thread/INFO]: Saving chunks for level 'New World'/overworld
[12:17:54] [Server thread/INFO]: Saving chunks for level 'New World'/the_nether
[12:17:54] [Server thread/INFO]: Saving chunks for level 'New World'/the_end
[12:17:54] [Client thread/FATAL]: Unreported exception thrown!
java.lang.NullPointerException: Cannot invoke "com.denger.micotian.module.Module.isEnable()" because the return value of "com.denger.micotian.module.ModuleManager.getModule(String)" is null
	at net.minecraft.client.renderer.EntityRenderer.hurtCameraEffect(EntityRenderer.java:667) ~[main/:?]
	at net.minecraft.client.renderer.EntityRenderer.setupCameraTransform(EntityRenderer.java:902) ~[main/:?]
	at net.minecraft.client.renderer.EntityRenderer.renderWorldPass(EntityRenderer.java:1604) ~[main/:?]
	at net.minecraft.client.renderer.EntityRenderer.renderWorld(EntityRenderer.java:1565) ~[main/:?]
	at net.minecraft.client.renderer.EntityRenderer.updateCameraAndRender(EntityRenderer.java:1349) ~[main/:?]
	at net.minecraft.client.Minecraft.runGameLoop(Minecraft.java:1199) ~[main/:?]
	at net.minecraft.client.Minecraft.run(Minecraft.java:473) [main/:?]
	at net.minecraft.client.main.Main.main(Main.java:115) [main/:?]
	at Start.main(Start.java:11) [main/:?]
